# JRE version: Java(TM) SE Runtime Environment (21.0.5+9) (build 21.0.5+9-LTS-239)
# Java VM: Java HotSpot(TM) 64-Bit Server VM (21.0.5+9-LTS-239, mixed mode, emulated-client, sharing, tiered, compressed oops, compressed class ptrs, g1 gc, bsd-aarch64)
GC Precious Log:
 CardTable entry size: 512
 Card Set container configuration: InlinePtr #cards 4 size 8 Array Of Cards #cards 16 size 48 Howl #buckets 8 coarsen threshold 3686 Howl Bitmap #cards 512 size 80 coarsen threshold 460 Card regions per heap region 1 cards per card region 4096
 CPUs: 8 total, 8 available
 Memory: 16384M
 Large Page Support: Disabled
 NUMA Support: Disabled
 Compressed Oops: Enabled (Zero based)
 Heap Region Size: 2M
 Heap Min Capacity: 8M
 Heap Initial Capacity: 256M
 Heap Max Capacity: 4G
 Pre-touch: Disabled
 Parallel Workers: 8
 Concurrent Workers: 2
 Concurrent Refinement Workers: 8
 Periodic GC: Disabled
Heap:
 garbage-first heap   total 86016K, used 43207K [0x0000000700000000, 0x0000000800000000)
  region size 2048K, 13 young (26624K), 2 survivors (4096K)
 Metaspace       used 34575K, committed 35072K, reserved 1114112K
  class space    used 4326K, committed 4544K, reserved 1048576K
GC Heap History (10 events):
Event: 3.050 GC heap before
{Heap before GC invocations=0 (full 0):
 garbage-first heap   total 264192K, used 21547K [0x0000000700000000, 0x0000000800000000)
  region size 2048K, 11 young (22528K), 0 survivors (0K)
 Metaspace       used 6864K, committed 7040K, reserved 1114112K
  class space    used 669K, committed 768K, reserved 1048576K
}
Event: 3.080 GC heap after
{Heap after GC invocations=1 (full 0):
 garbage-first heap   total 264192K, used 12062K [0x0000000700000000, 0x0000000800000000)
  region size 2048K, 2 young (4096K), 2 survivors (4096K)
 Metaspace       used 6864K, committed 7040K, reserved 1114112K
  class space    used 669K, committed 768K, reserved 1048576K
}
Event: 3.816 GC heap before
{Heap before GC invocations=1 (full 0):
 garbage-first heap   total 264192K, used 22302K [0x0000000700000000, 0x0000000800000000)
  region size 2048K, 8 young (16384K), 2 survivors (4096K)
 Metaspace       used 11521K, committed 11776K, reserved 1114112K
  class space    used 1199K, committed 1344K, reserved 1048576K
}
Event: 3.821 GC heap after
{Heap after GC invocations=2 (full 0):
 garbage-first heap   total 264192K, used 13204K [0x0000000700000000, 0x0000000800000000)
  region size 2048K, 1 young (2048K), 1 survivors (2048K)
 Metaspace       used 11521K, committed 11776K, reserved 1114112K
  class space    used 1199K, committed 1344K, reserved 1048576K
}
Event: 6.282 GC heap before
{Heap before GC invocations=2 (full 0):
 garbage-first heap   total 264192K, used 50068K [0x0000000700000000, 0x0000000800000000)
  region size 2048K, 21 young (43008K), 1 survivors (2048K)
 Metaspace       used 21223K, committed 21504K, reserved 1114112K
  class space    used 2532K, committed 2688K, reserved 1048576K
}
Event: 6.288 GC heap after
{Heap after GC invocations=3 (full 0):
 garbage-first heap   total 264192K, used 16131K [0x0000000700000000, 0x0000000800000000)
  region size 2048K, 3 young (6144K), 3 survivors (6144K)
 Metaspace       used 21223K, committed 21504K, reserved 1114112K
  class space    used 2532K, committed 2688K, reserved 1048576K
}
Event: 7.753 GC heap before
{Heap before GC invocations=4 (full 0):
 garbage-first heap   total 75776K, used 71427K [0x0000000700000000, 0x0000000800000000)
  region size 2048K, 30 young (61440K), 3 survivors (6144K)
 Metaspace       used 28847K, committed 29184K, reserved 1114112K
  class space    used 3535K, committed 3648K, reserved 1048576K
}
Event: 7.783 GC heap after
{Heap after GC invocations=5 (full 0):
 garbage-first heap   total 86016K, used 20816K [0x0000000700000000, 0x0000000800000000)
  region size 2048K, 5 young (10240K), 5 survivors (10240K)
 Metaspace       used 28847K, committed 29184K, reserved 1114112K
  class space    used 3535K, committed 3648K, reserved 1048576K
}
Event: 8.534 GC heap before
{Heap before GC invocations=5 (full 0):
 garbage-first heap   total 86016K, used 59728K [0x0000000700000000, 0x0000000800000000)
  region size 2048K, 24 young (49152K), 5 survivors (10240K)
 Metaspace       used 31950K, committed 32320K, reserved 1114112K
  class space    used 3960K, committed 4096K, reserved 1048576K
}
Event: 8.546 GC heap after
{Heap after GC invocations=6 (full 0):
 garbage-first heap   total 86016K, used 22727K [0x0000000700000000, 0x0000000800000000)
  region size 2048K, 2 young (4096K), 2 survivors (4096K)
 Metaspace       used 31950K, committed 32320K, reserved 1114112K
  class space    used 3960K, committed 4096K, reserved 1048576K
}

