# JRE version: OpenJDK Runtime Environment Microsoft-11369865 (17.0.15+6) (build 17.0.15+6-LTS)
# Java VM: OpenJDK 64-Bit Server VM Microsoft-11369865 (17.0.15+6-LTS, mixed mode, sharing, tiered, compressed oops, compressed class ptrs, g1 gc, windows-amd64)
GC Precious Log:
 CPUs: 12 total, 12 available
 Memory: 7502M
 Large Page Support: Disabled
 NUMA Support: Disabled
 Compressed Oops: Enabled (32-bit)
 Heap Region Size: 1M
 Heap Min Capacity: 8M
 Heap Initial Capacity: 118M
 Heap Max Capacity: 1876M
 Pre-touch: Disabled
 Parallel Workers: 10
 Concurrent Workers: 3
 Concurrent Refinement Workers: 10
 Periodic GC: Disabled
Heap:
 garbage-first heap   total 120832K, used 34187K [0x000000008ac00000, 0x0000000100000000)
  region size 1024K, 30 young (30720K), 4 survivors (4096K)
 Metaspace       used 12537K, committed 12864K, reserved 1114112K
  class space    used 1428K, committed 1600K, reserved 1048576K
GC Heap History (6 events):
Event: 1.883 GC heap before
{Heap before GC invocations=0 (full 0):
 garbage-first heap   total 120832K, used 24576K [0x000000008ac00000, 0x0000000100000000)
  region size 1024K, 23 young (23552K), 0 survivors (0K)
 Metaspace       used 3441K, committed 3584K, reserved 1114112K
  class space    used 318K, committed 384K, reserved 1048576K
}
Event: 1.892 GC heap after
{Heap after GC invocations=1 (full 0):
 garbage-first heap   total 120832K, used 4995K [0x000000008ac00000, 0x0000000100000000)
  region size 1024K, 3 young (3072K), 3 survivors (3072K)
 Metaspace       used 3441K, committed 3584K, reserved 1114112K
  class space    used 318K, committed 384K, reserved 1048576K
}
Event: 2.708 GC heap before
{Heap before GC invocations=1 (full 0):
 garbage-first heap   total 120832K, used 35715K [0x000000008ac00000, 0x0000000100000000)
  region size 1024K, 33 young (33792K), 3 survivors (3072K)
 Metaspace       used 6254K, committed 6400K, reserved 1114112K
  class space    used 594K, committed 640K, reserved 1048576K
}
Event: 2.718 GC heap after
{Heap after GC invocations=2 (full 0):
 garbage-first heap   total 120832K, used 6939K [0x000000008ac00000, 0x0000000100000000)
  region size 1024K, 3 young (3072K), 3 survivors (3072K)
 Metaspace       used 6254K, committed 6400K, reserved 1114112K
  class space    used 594K, committed 640K, reserved 1048576K
}
Event: 4.247 GC heap before
{Heap before GC invocations=2 (full 0):
 garbage-first heap   total 120832K, used 75547K [0x000000008ac00000, 0x0000000100000000)
  region size 1024K, 70 young (71680K), 3 survivors (3072K)
 Metaspace       used 11232K, committed 11520K, reserved 1114112K
  class space    used 1296K, committed 1408K, reserved 1048576K
}
Event: 4.257 GC heap after
{Heap after GC invocations=3 (full 0):
 garbage-first heap   total 120832K, used 8587K [0x000000008ac00000, 0x0000000100000000)
  region size 1024K, 4 young (4096K), 4 survivors (4096K)
 Metaspace       used 11232K, committed 11520K, reserved 1114112K
  class space    used 1296K, committed 1408K, reserved 1048576K
}

